**********************
* MERGE PROGRESS LOG *
**********************
[2026-06-23 15:06:44] [INFO]: starting DeltaProject merge for: D:\ROBO_PDF_work\From_Customer\PNG\highResolution\20251103_new\IM\HMI\I\0\Context.wrk\deltas\1171
[2026-06-23 15:06:44] [WARNING]: Open optional file failed: D:\ROBO_PDF_work\From_Customer\PNG\highResolution\20251103_new\IM\HMI\I\0\Context.wrk\deltas\1170\runtime.rdf
[2026-06-23 15:06:44] [WARNING]: Open optional file failed: D:\ROBO_PDF_work\From_Customer\PNG\highResolution\20251103_new\IM\HMI\I\0\Context.wrk\deltas\1170\persistent.rdf
[2026-06-23 15:06:44] [WARNING]: Open optional file failed: D:\ROBO_PDF_work\From_Customer\PNG\highResolution\20251103_new\IM\HMI\I\0\Context.wrk\deltas\1171\runtime.rdf
[2026-06-23 15:06:44] [WARNING]: Open optional file failed: D:\ROBO_PDF_work\From_Customer\PNG\highResolution\20251103_new\IM\HMI\I\0\Context.wrk\deltas\1171\persistent.rdf
[2026-06-23 15:06:44] [INFO]: Starting Job number 1: COPY RESOURCE JOB
[2026-06-23 15:06:44] [INFO]: The job was executed succesfully.
[2026-06-23 15:06:44] [INFO]: Starting Job number 2: MERGE DELTA JOB
[2026-06-23 15:06:44] [INFO]: The job was executed succesfully.
[2026-06-23 15:06:44] [INFO]: Starting Job number 3: MERGE DELTA JOB
[2026-06-23 15:06:44] [INFO]: The job was executed succesfully.
[2026-06-23 15:06:44] [INFO]: Starting Job number 4: JOIN JOB
[2026-06-23 15:06:44] [INFO]: The job was executed succesfully.
[2026-06-23 15:06:44] [INFO]: Starting Job number 5: DELETE JOB
[2026-06-23 15:06:44] [INFO]: The job was executed succesfully.
[2026-06-23 15:06:44] [INFO]: Starting Job number 6: DELETE JOB
[2026-06-23 15:06:44] [INFO]: The job was executed succesfully.
[2026-06-23 15:06:44] [INFO]: Starting Job number 7: MERGE DELTA JOB
[2026-06-23 15:06:44] [INFO]: The job was executed succesfully.
[2026-06-23 15:06:44] [INFO]: Starting Job number 8: JOIN JOB
[2026-06-23 15:06:44] [INFO]: The job was executed succesfully.
[2026-06-23 15:06:44] [INFO]: Starting Job number 9: DELETE JOB
[2026-06-23 15:06:44] [INFO]: The job was executed succesfully.
[2026-06-23 15:06:44] [INFO]: Starting Job number 10: MERGE DELTA JOB
[2026-06-23 15:06:44] [INFO]: The job was executed succesfully.
[2026-06-23 15:06:44] [INFO]: Starting Job number 11: JOIN JOB
[2026-06-23 15:06:44] [INFO]: The job was executed succesfully.
[2026-06-23 15:06:44] [INFO]: Starting Job number 12: DELETE JOB
[2026-06-23 15:06:44] [INFO]: The job was executed succesfully.
[2026-06-23 15:06:44] [INFO]: Starting Job number 13: MERGE DELTA JOB
[2026-06-23 15:06:44] [INFO]: The job was executed succesfully.
[2026-06-23 15:06:44] [INFO]: Starting Job number 14: JOIN JOB
[2026-06-23 15:06:44] [INFO]: The job was executed succesfully.
[2026-06-23 15:06:44] [INFO]: Starting Job number 15: DELETE JOB
[2026-06-23 15:06:44] [INFO]: The job was executed succesfully.
[2026-06-23 15:06:44] [INFO]: Starting Job number 16: MERGE ADD JOB
[2026-06-23 15:06:44] [INFO]: The job was executed succesfully.
[2026-06-23 15:06:44] [INFO]: Starting Job number 17: MERGE ADD JOB
[2026-06-23 15:06:44] [INFO]: The job was executed succesfully.
[2026-06-23 15:06:44] [INFO]: Starting Job number 18: MERGE DELTA JOB
[2026-06-23 15:06:44] [INFO]: The job was executed succesfully.
[2026-06-23 15:06:44] [INFO]: Starting Job number 19: MERGE DELTA JOB
[2026-06-23 15:06:44] [INFO]: The job was executed succesfully.
[2026-06-23 15:06:44] [INFO]: Starting Job number 20: JOIN JOB
[2026-06-23 15:06:44] [INFO]: The job was executed succesfully.
[2026-06-23 15:06:44] [INFO]: Starting Job number 21: DELETE JOB
[2026-06-23 15:06:44] [INFO]: The job was executed succesfully.
[2026-06-23 15:06:44] [INFO]: Starting Job number 22: DELETE JOB
[2026-06-23 15:06:44] [INFO]: The job was executed succesfully.
[2026-06-23 15:06:44] [INFO]: Starting Job number 23: DELETE JOB
[2026-06-23 15:06:44] [INFO]: The job was executed succesfully.
[2026-06-23 15:06:44] [INFO]: DONE! Rdf delta project merge succeed!
