**********************
* MERGE PROGRESS LOG *
**********************
[2026-06-23 15:06:43] [INFO]: Starting merge for Project: D:\ROBO_PDF_work\From_Customer\PNG\highResolution\20251103_new\IM\HMI\I\0\Context.wrk
[2026-06-23 15:06:43] [INFO]: Setting up Full Project Merge...
[2026-06-23 15:06:43] [WARNING]: Open optional file failed: D:\ROBO_PDF_work\From_Customer\PNG\highResolution\20251103_new\IM\HMI\I\0\Context.wrk\system\runtime.rdf
[2026-06-23 15:06:43] [WARNING]: Open optional file failed: D:\ROBO_PDF_work\From_Customer\PNG\highResolution\20251103_new\IM\HMI\I\0\Context.wrk\system\persistent.rdf
[2026-06-23 15:06:43] [WARNING]: Open optional file failed: D:\ROBO_PDF_work\From_Customer\PNG\highResolution\20251103_new\IM\HMI\I\0\Context.wrk\deltas\1171\runtime.rdf
[2026-06-23 15:06:43] [WARNING]: Open optional file failed: D:\ROBO_PDF_work\From_Customer\PNG\highResolution\20251103_new\IM\HMI\I\0\Context.wrk\deltas\1171\persistent.rdf
[2026-06-23 15:06:43] [INFO]: Number of Jobs to execute: 41
[2026-06-23 15:06:43] [INFO]: Starting Job number 1: MERGE JOB
[2026-06-23 15:06:43] [INFO]: The job was executed succesfully.
[2026-06-23 15:06:43] [INFO]: Starting Job number 2: MERGE JOB
[2026-06-23 15:06:43] [INFO]: The job was executed succesfully.
[2026-06-23 15:06:43] [INFO]: Starting Job number 3: MERGE JOB
[2026-06-23 15:06:43] [INFO]: The job was executed succesfully.
[2026-06-23 15:06:43] [INFO]: Starting Job number 4: MERGE JOB
[2026-06-23 15:06:43] [INFO]: The job was executed succesfully.
[2026-06-23 15:06:43] [INFO]: Starting Job number 5: MERGE JOB
[2026-06-23 15:06:43] [INFO]: The job was executed succesfully.
[2026-06-23 15:06:43] [INFO]: Starting Job number 6: MERGE JOB
[2026-06-23 15:06:43] [INFO]: The job was executed succesfully.
[2026-06-23 15:06:43] [INFO]: Starting Job number 7: MERGE JOB
[2026-06-23 15:06:43] [INFO]: The job was executed succesfully.
[2026-06-23 15:06:43] [INFO]: Starting Job number 8: JOIN JOB
[2026-06-23 15:06:43] [INFO]: The job was executed succesfully.
[2026-06-23 15:06:43] [INFO]: Starting Job number 9: FINALIZE JOB
[2026-06-23 15:06:43] [INFO]: The job was executed succesfully.
[2026-06-23 15:06:43] [INFO]: Starting Job number 10: DELETE JOB
[2026-06-23 15:06:43] [INFO]: The job was executed succesfully.
[2026-06-23 15:06:43] [INFO]: Starting Job number 11: DELETE JOB
[2026-06-23 15:06:43] [INFO]: The job was executed succesfully.
[2026-06-23 15:06:43] [INFO]: Starting Job number 12: DELETE JOB
[2026-06-23 15:06:43] [INFO]: The job was executed succesfully.
[2026-06-23 15:06:43] [INFO]: Starting Job number 13: DELETE JOB
[2026-06-23 15:06:43] [INFO]: The job was executed succesfully.
[2026-06-23 15:06:43] [INFO]: Starting Job number 14: DELETE JOB
[2026-06-23 15:06:43] [INFO]: The job was executed succesfully.
[2026-06-23 15:06:43] [INFO]: Starting Job number 15: DELETE JOB
[2026-06-23 15:06:43] [INFO]: The job was executed succesfully.
[2026-06-23 15:06:43] [INFO]: Starting Job number 16: DELETE JOB
[2026-06-23 15:06:43] [INFO]: The job was executed succesfully.
[2026-06-23 15:06:43] [INFO]: Starting Job number 17: MERGE JOB
[2026-06-23 15:06:44] [INFO]: The job was executed succesfully.
[2026-06-23 15:06:44] [INFO]: Starting Job number 18: JOIN JOB
[2026-06-23 15:06:44] [INFO]: The job was executed succesfully.
[2026-06-23 15:06:44] [INFO]: Starting Job number 19: MERGE JOB
[2026-06-23 15:06:44] [INFO]: The job was executed succesfully.
[2026-06-23 15:06:44] [INFO]: Starting Job number 20: MERGE JOB
[2026-06-23 15:06:44] [INFO]: The job was executed succesfully.
[2026-06-23 15:06:44] [INFO]: Starting Job number 21: JOIN JOB
[2026-06-23 15:06:44] [INFO]: The job was executed succesfully.
[2026-06-23 15:06:44] [INFO]: Starting Job number 22: MERGE JOB
[2026-06-23 15:06:44] [INFO]: The job was executed succesfully.
[2026-06-23 15:06:44] [INFO]: Starting Job number 23: JOIN JOB
[2026-06-23 15:06:44] [INFO]: The job was executed succesfully.
[2026-06-23 15:06:44] [INFO]: Starting Job number 24: MERGE JOB
[2026-06-23 15:06:44] [INFO]: The job was executed succesfully.
[2026-06-23 15:06:44] [INFO]: Starting Job number 25: MERGE JOB
[2026-06-23 15:06:44] [INFO]: The job was executed succesfully.
[2026-06-23 15:06:44] [INFO]: Starting Job number 26: JOIN JOB
[2026-06-23 15:06:44] [INFO]: The job was executed succesfully.
[2026-06-23 15:06:44] [INFO]: Starting Job number 27: MERGE JOB
[2026-06-23 15:06:44] [INFO]: The job was executed succesfully.
[2026-06-23 15:06:44] [INFO]: Starting Job number 28: JOIN JOB
[2026-06-23 15:06:44] [INFO]: The job was executed succesfully.
[2026-06-23 15:06:44] [INFO]: Starting Job number 29: FINALIZE JOB
[2026-06-23 15:06:44] [INFO]: The job was executed succesfully.
[2026-06-23 15:06:44] [INFO]: Starting Job number 30: DELETE JOB
[2026-06-23 15:06:44] [INFO]: The job was executed succesfully.
[2026-06-23 15:06:44] [INFO]: Starting Job number 31: DELETE JOB
[2026-06-23 15:06:44] [INFO]: The job was executed succesfully.
[2026-06-23 15:06:44] [INFO]: Starting Job number 32: FINALIZE JOB
[2026-06-23 15:06:44] [INFO]: The job was executed succesfully.
[2026-06-23 15:06:44] [INFO]: Starting Job number 33: DELETE JOB
[2026-06-23 15:06:44] [INFO]: The job was executed succesfully.
[2026-06-23 15:06:44] [INFO]: Starting Job number 34: DELETE JOB
[2026-06-23 15:06:44] [INFO]: The job was executed succesfully.
[2026-06-23 15:06:44] [INFO]: Starting Job number 35: FINALIZE JOB
[2026-06-23 15:06:44] [INFO]: The job was executed succesfully.
[2026-06-23 15:06:44] [INFO]: Starting Job number 36: DELETE JOB
[2026-06-23 15:06:44] [INFO]: The job was executed succesfully.
[2026-06-23 15:06:44] [INFO]: Starting Job number 37: DELETE JOB
[2026-06-23 15:06:44] [INFO]: The job was executed succesfully.
[2026-06-23 15:06:44] [INFO]: Starting Job number 38: FINALIZE JOB
[2026-06-23 15:06:44] [INFO]: The job was executed succesfully.
[2026-06-23 15:06:44] [INFO]: Starting Job number 39: DELETE JOB
[2026-06-23 15:06:44] [INFO]: The job was executed succesfully.
[2026-06-23 15:06:44] [INFO]: Starting Job number 40: FINALIZE JOB
[2026-06-23 15:06:44] [INFO]: The job was executed succesfully.
[2026-06-23 15:06:44] [INFO]: Starting Job number 41: DELETE JOB
[2026-06-23 15:06:44] [INFO]: The job was executed succesfully.
[2026-06-23 15:06:44] [INFO]: DONE! Merge succeeded
